#
# There is insufficient memory for the Java Runtime Environment to continue.
# Native memory allocation (malloc) failed to allocate 113296 bytes for Chunk::new
# Possible reasons:
#   The system is out of physical RAM or swap space
#   The process is running with CompressedOops enabled, and the Java Heap may be blocking the growth of the native heap
# Possible solutions:
#   Reduce memory load on the system
#   Increase physical memory or swap space
#   Check if swap backing store is full
#   Decrease Java heap size (-Xmx/-Xms)
#   Decrease number of Java threads
#   Decrease Java thread stack sizes (-Xss)
#   Set larger code cache with -XX:ReservedCodeCacheSize=
#   JVM is running with Unscaled Compressed Oops mode in which the Java heap is
#     placed in the first 4GB address space. The Java Heap base address is the
#     maximum limit for the native heap growth. Please use -XX:HeapBaseMinAddress
#     to set the Java Heap base and to place the Java Heap above 4GB virtual address.
# This output file may be truncated or incomplete.
#
#  Out of Memory Error (arena.cpp:189), pid=8544, tid=4976
#
# JRE version: Java(TM) SE Runtime Environment (17.0.10+11) (build 17.0.10+11-LTS-240)
# Java VM: Java HotSpot(TM) 64-Bit Server VM (17.0.10+11-LTS-240, mixed mode, sharing, tiered, compressed oops, compressed class ptrs, g1 gc, windows-amd64)
# No core dump will be written. Minidumps are not enabled by default on client versions of Windows
#

---------------  S U M M A R Y ------------

Command Line: -ea -Didea.test.cyclic.buffer.size=1048576 -javaagent:C:\Users\shelena suarez\Downloads\ideaIC-2024.1.1.win\lib\idea_rt.jar=65488:C:\Users\shelena suarez\Downloads\ideaIC-2024.1.1.win\bin -Dfile.encoding=UTF-8 com.intellij.rt.junit.JUnitStarter -ideVersion5 -junit4 co.com.sofkau.runners.GeneralTest

Host: 11th Gen Intel(R) Core(TM) i3-1115G4 @ 3.00GHz, 4 cores, 3G,  Windows 11 , 64 bit Build 22621 (10.0.22621.3527)
Time: Thu May 23 17:37:15 2024 Hora est. Pacífico, Sudamérica elapsed time: 1.268129 seconds (0d 0h 0m 1s)

---------------  T H R E A D  ---------------

Current thread (0x000001b76b159a20):  JavaThread "C2 CompilerThread0" daemon [_thread_in_native, id=4976, stack(0x000000acf9000000,0x000000acf9100000)]


Current CompileTask:
C2:   1268  419   !   4       java.util.zip.ZipFile$Source::checkAndAddEntry (262 bytes)

Stack: [0x000000acf9000000,0x000000acf9100000]
Native frames: (J=compiled Java code, j=interpreted, Vv=VM code, C=native code)
V  [jvm.dll+0x677a5a]
V  [jvm.dll+0x7d8b2d]
V  [jvm.dll+0x7da48e]
V  [jvm.dll+0x7daaf3]
V  [jvm.dll+0x2455ff]
V  [jvm.dll+0xaaafb]
V  [jvm.dll+0xab09c]
V  [jvm.dll+0x361b5f]
V  [jvm.dll+0x1bae64]
V  [jvm.dll+0x217aa7]
V  [jvm.dll+0x216d81]
V  [jvm.dll+0x1a3410]
V  [jvm.dll+0x226aeb]
V  [jvm.dll+0x224cab]
V  [jvm.dll+0x78e45c]
V  [jvm.dll+0x78888a]
V  [jvm.dll+0x676935]
C  [ucrtbase.dll+0x29333]
C  [KERNEL32.DLL+0x1257d]
C  [ntdll.dll+0x5aa48]


---------------  P R O C E S S  ---------------

Threads class SMR info:
_java_thread_list=0x000001b76b3961c0, length=13, elements={
0x000001b70eeb2860, 0x000001b76b141590, 0x000001b76b144900, 0x000001b76b152390,
0x000001b76b153f60, 0x000001b76b156a30, 0x000001b76b1573f0, 0x000001b76b159a20,
0x000001b76b15efe0, 0x000001b76b160830, 0x000001b70ef4de40, 0x000001b76b3df570,
0x000001b76b3efcd0
}

Java Threads: ( => current thread )
  0x000001b70eeb2860 JavaThread "main" [_thread_in_native, id=21508, stack(0x000000acf8300000,0x000000acf8400000)]
  0x000001b76b141590 JavaThread "Reference Handler" daemon [_thread_blocked, id=8456, stack(0x000000acf8a00000,0x000000acf8b00000)]
  0x000001b76b144900 JavaThread "Finalizer" daemon [_thread_blocked, id=12820, stack(0x000000acf8b00000,0x000000acf8c00000)]
  0x000001b76b152390 JavaThread "Signal Dispatcher" daemon [_thread_blocked, id=8568, stack(0x000000acf8c00000,0x000000acf8d00000)]
  0x000001b76b153f60 JavaThread "Attach Listener" daemon [_thread_blocked, id=17172, stack(0x000000acf8d00000,0x000000acf8e00000)]
  0x000001b76b156a30 JavaThread "Service Thread" daemon [_thread_blocked, id=21456, stack(0x000000acf8e00000,0x000000acf8f00000)]
  0x000001b76b1573f0 JavaThread "Monitor Deflation Thread" daemon [_thread_blocked, id=16552, stack(0x000000acf8f00000,0x000000acf9000000)]
=>0x000001b76b159a20 JavaThread "C2 CompilerThread0" daemon [_thread_in_native, id=4976, stack(0x000000acf9000000,0x000000acf9100000)]
  0x000001b76b15efe0 JavaThread "C1 CompilerThread0" daemon [_thread_blocked, id=15548, stack(0x000000acf9100000,0x000000acf9200000)]
  0x000001b76b160830 JavaThread "Sweeper thread" daemon [_thread_blocked, id=20344, stack(0x000000acf9200000,0x000000acf9300000)]
  0x000001b70ef4de40 JavaThread "Common-Cleaner" daemon [_thread_blocked, id=9736, stack(0x000000acf9300000,0x000000acf9400000)]
  0x000001b76b3df570 JavaThread "Monitor Ctrl-Break" daemon [_thread_in_native, id=12808, stack(0x000000acf9400000,0x000000acf9500000)]
  0x000001b76b3efcd0 JavaThread "Notification Thread" daemon [_thread_blocked, id=19360, stack(0x000000acf9500000,0x000000acf9600000)]

Other Threads:
  0x000001b76b13b340 VMThread "VM Thread" [stack: 0x000000acf8900000,0x000000acf8a00000] [id=22420]
  0x000001b76b3f41c0 WatcherThread [stack: 0x000000acf9600000,0x000000acf9700000] [id=19600]
  0x000001b70eeed4d0 GCTaskThread "GC Thread#0" [stack: 0x000000acf8400000,0x000000acf8500000] [id=8312]
  0x000001b70eef5de0 ConcurrentGCThread "G1 Main Marker" [stack: 0x000000acf8500000,0x000000acf8600000] [id=8984]
  0x000001b70eef67f0 ConcurrentGCThread "G1 Conc#0" [stack: 0x000000acf8600000,0x000000acf8700000] [id=9464]
  0x000001b70ef36e40 ConcurrentGCThread "G1 Refine#0" [stack: 0x000000acf8700000,0x000000acf8800000] [id=21724]
  0x000001b70ef39730 ConcurrentGCThread "G1 Service" [stack: 0x000000acf8800000,0x000000acf8900000] [id=8020]

Threads with active compile tasks:
C2 CompilerThread0     1310  419   !   4       java.util.zip.ZipFile$Source::checkAndAddEntry (262 bytes)

VM state: not at safepoint (normal execution)

VM Mutex/Monitor currently owned by a thread: None

Heap address: 0x00000000c3200000, size: 974 MB, Compressed Oops mode: 32-bit

CDS archive(s) mapped at: [0x000001b72a000000-0x000001b72abd0000-0x000001b72abd0000), size 12386304, SharedBaseAddress: 0x000001b72a000000, ArchiveRelocationMode: 1.
Compressed class space mapped at: 0x000001b72b000000-0x000001b76b000000, reserved size: 1073741824
Narrow klass base: 0x000001b72a000000, Narrow klass shift: 0, Narrow klass range: 0x100000000

GC Precious Log:
 CPUs: 4 total, 4 available
 Memory: 3895M
 Large Page Support: Disabled
 NUMA Support: Disabled
 Compressed Oops: Enabled (32-bit)
 Heap Region Size: 1M
 Heap Min Capacity: 8M
 Heap Initial Capacity: 62M
 Heap Max Capacity: 974M
 Pre-touch: Disabled
 Parallel Workers: 4
 Concurrent Workers: 1
 Concurrent Refinement Workers: 4
 Periodic GC: Disabled

Heap:
 garbage-first heap   total 63488K, used 5120K [0x00000000c3200000, 0x0000000100000000)
  region size 1024K, 7 young (7168K), 0 survivors (0K)
 Metaspace       used 1370K, committed 1536K, reserved 1114112K
  class space    used 123K, committed 192K, reserved 1048576K

Heap Regions: E=young(eden), S=young(survivor), O=old, HS=humongous(starts), HC=humongous(continues), CS=collection set, F=free, OA=open archive, CA=closed archive, TAMS=top-at-mark-start (previous, next)
|   0|0x00000000c3200000, 0x00000000c3200000, 0x00000000c3300000|  0%| F|  |TAMS 0x00000000c3200000, 0x00000000c3200000| Untracked 
|   1|0x00000000c3300000, 0x00000000c3300000, 0x00000000c3400000|  0%| F|  |TAMS 0x00000000c3300000, 0x00000000c3300000| Untracked 
|   2|0x00000000c3400000, 0x00000000c3400000, 0x00000000c3500000|  0%| F|  |TAMS 0x00000000c3400000, 0x00000000c3400000| Untracked 
|   3|0x00000000c3500000, 0x00000000c3500000, 0x00000000c3600000|  0%| F|  |TAMS 0x00000000c3500000, 0x00000000c3500000| Untracked 
|   4|0x00000000c3600000, 0x00000000c3600000, 0x00000000c3700000|  0%| F|  |TAMS 0x00000000c3600000, 0x00000000c3600000| Untracked 
|   5|0x00000000c3700000, 0x00000000c3700000, 0x00000000c3800000|  0%| F|  |TAMS 0x00000000c3700000, 0x00000000c3700000| Untracked 
|   6|0x00000000c3800000, 0x00000000c3800000, 0x00000000c3900000|  0%| F|  |TAMS 0x00000000c3800000, 0x00000000c3800000| Untracked 
|   7|0x00000000c3900000, 0x00000000c3900000, 0x00000000c3a00000|  0%| F|  |TAMS 0x00000000c3900000, 0x00000000c3900000| Untracked 
|   8|0x00000000c3a00000, 0x00000000c3a00000, 0x00000000c3b00000|  0%| F|  |TAMS 0x00000000c3a00000, 0x00000000c3a00000| Untracked 
|   9|0x00000000c3b00000, 0x00000000c3b00000, 0x00000000c3c00000|  0%| F|  |TAMS 0x00000000c3b00000, 0x00000000c3b00000| Untracked 
|  10|0x00000000c3c00000, 0x00000000c3c00000, 0x00000000c3d00000|  0%| F|  |TAMS 0x00000000c3c00000, 0x00000000c3c00000| Untracked 
|  11|0x00000000c3d00000, 0x00000000c3d00000, 0x00000000c3e00000|  0%| F|  |TAMS 0x00000000c3d00000, 0x00000000c3d00000| Untracked 
|  12|0x00000000c3e00000, 0x00000000c3e00000, 0x00000000c3f00000|  0%| F|  |TAMS 0x00000000c3e00000, 0x00000000c3e00000| Untracked 
|  13|0x00000000c3f00000, 0x00000000c3f00000, 0x00000000c4000000|  0%| F|  |TAMS 0x00000000c3f00000, 0x00000000c3f00000| Untracked 
|  14|0x00000000c4000000, 0x00000000c4000000, 0x00000000c4100000|  0%| F|  |TAMS 0x00000000c4000000, 0x00000000c4000000| Untracked 
|  15|0x00000000c4100000, 0x00000000c4100000, 0x00000000c4200000|  0%| F|  |TAMS 0x00000000c4100000, 0x00000000c4100000| Untracked 
|  16|0x00000000c4200000, 0x00000000c4200000, 0x00000000c4300000|  0%| F|  |TAMS 0x00000000c4200000, 0x00000000c4200000| Untracked 
|  17|0x00000000c4300000, 0x00000000c4300000, 0x00000000c4400000|  0%| F|  |TAMS 0x00000000c4300000, 0x00000000c4300000| Untracked 
|  18|0x00000000c4400000, 0x00000000c4400000, 0x00000000c4500000|  0%| F|  |TAMS 0x00000000c4400000, 0x00000000c4400000| Untracked 
|  19|0x00000000c4500000, 0x00000000c4500000, 0x00000000c4600000|  0%| F|  |TAMS 0x00000000c4500000, 0x00000000c4500000| Untracked 
|  20|0x00000000c4600000, 0x00000000c4600000, 0x00000000c4700000|  0%| F|  |TAMS 0x00000000c4600000, 0x00000000c4600000| Untracked 
|  21|0x00000000c4700000, 0x00000000c4700000, 0x00000000c4800000|  0%| F|  |TAMS 0x00000000c4700000, 0x00000000c4700000| Untracked 
|  22|0x00000000c4800000, 0x00000000c4800000, 0x00000000c4900000|  0%| F|  |TAMS 0x00000000c4800000, 0x00000000c4800000| Untracked 
|  23|0x00000000c4900000, 0x00000000c4900000, 0x00000000c4a00000|  0%| F|  |TAMS 0x00000000c4900000, 0x00000000c4900000| Untracked 
|  24|0x00000000c4a00000, 0x00000000c4a00000, 0x00000000c4b00000|  0%| F|  |TAMS 0x00000000c4a00000, 0x00000000c4a00000| Untracked 
|  25|0x00000000c4b00000, 0x00000000c4b00000, 0x00000000c4c00000|  0%| F|  |TAMS 0x00000000c4b00000, 0x00000000c4b00000| Untracked 
|  26|0x00000000c4c00000, 0x00000000c4c00000, 0x00000000c4d00000|  0%| F|  |TAMS 0x00000000c4c00000, 0x00000000c4c00000| Untracked 
|  27|0x00000000c4d00000, 0x00000000c4d00000, 0x00000000c4e00000|  0%| F|  |TAMS 0x00000000c4d00000, 0x00000000c4d00000| Untracked 
|  28|0x00000000c4e00000, 0x00000000c4e00000, 0x00000000c4f00000|  0%| F|  |TAMS 0x00000000c4e00000, 0x00000000c4e00000| Untracked 
|  29|0x00000000c4f00000, 0x00000000c4f00000, 0x00000000c5000000|  0%| F|  |TAMS 0x00000000c4f00000, 0x00000000c4f00000| Untracked 
|  30|0x00000000c5000000, 0x00000000c5000000, 0x00000000c5100000|  0%| F|  |TAMS 0x00000000c5000000, 0x00000000c5000000| Untracked 
|  31|0x00000000c5100000, 0x00000000c5100000, 0x00000000c5200000|  0%| F|  |TAMS 0x00000000c5100000, 0x00000000c5100000| Untracked 
|  32|0x00000000c5200000, 0x00000000c5200000, 0x00000000c5300000|  0%| F|  |TAMS 0x00000000c5200000, 0x00000000c5200000| Untracked 
|  33|0x00000000c5300000, 0x00000000c5300000, 0x00000000c5400000|  0%| F|  |TAMS 0x00000000c5300000, 0x00000000c5300000| Untracked 
|  34|0x00000000c5400000, 0x00000000c5400000, 0x00000000c5500000|  0%| F|  |TAMS 0x00000000c5400000, 0x00000000c5400000| Untracked 
|  35|0x00000000c5500000, 0x00000000c5500000, 0x00000000c5600000|  0%| F|  |TAMS 0x00000000c5500000, 0x00000000c5500000| Untracked 
|  36|0x00000000c5600000, 0x00000000c5600000, 0x00000000c5700000|  0%| F|  |TAMS 0x00000000c5600000, 0x00000000c5600000| Untracked 
|  37|0x00000000c5700000, 0x00000000c5700000, 0x00000000c5800000|  0%| F|  |TAMS 0x00000000c5700000, 0x00000000c5700000| Untracked 
|  38|0x00000000c5800000, 0x00000000c5800000, 0x00000000c5900000|  0%| F|  |TAMS 0x00000000c5800000, 0x00000000c5800000| Untracked 
|  39|0x00000000c5900000, 0x00000000c5900000, 0x00000000c5a00000|  0%| F|  |TAMS 0x00000000c5900000, 0x00000000c5900000| Untracked 
|  40|0x00000000c5a00000, 0x00000000c5a00000, 0x00000000c5b00000|  0%| F|  |TAMS 0x00000000c5a00000, 0x00000000c5a00000| Untracked 
|  41|0x00000000c5b00000, 0x00000000c5b00000, 0x00000000c5c00000|  0%| F|  |TAMS 0x00000000c5b00000, 0x00000000c5b00000| Untracked 
|  42|0x00000000c5c00000, 0x00000000c5c00000, 0x00000000c5d00000|  0%| F|  |TAMS 0x00000000c5c00000, 0x00000000c5c00000| Untracked 
|  43|0x00000000c5d00000, 0x00000000c5d00000, 0x00000000c5e00000|  0%| F|  |TAMS 0x00000000c5d00000, 0x00000000c5d00000| Untracked 
|  44|0x00000000c5e00000, 0x00000000c5e00000, 0x00000000c5f00000|  0%| F|  |TAMS 0x00000000c5e00000, 0x00000000c5e00000| Untracked 
|  45|0x00000000c5f00000, 0x00000000c5f00000, 0x00000000c6000000|  0%| F|  |TAMS 0x00000000c5f00000, 0x00000000c5f00000| Untracked 
|  46|0x00000000c6000000, 0x00000000c6000000, 0x00000000c6100000|  0%| F|  |TAMS 0x00000000c6000000, 0x00000000c6000000| Untracked 
|  47|0x00000000c6100000, 0x00000000c6100000, 0x00000000c6200000|  0%| F|  |TAMS 0x00000000c6100000, 0x00000000c6100000| Untracked 
|  48|0x00000000c6200000, 0x00000000c6200000, 0x00000000c6300000|  0%| F|  |TAMS 0x00000000c6200000, 0x00000000c6200000| Untracked 
|  49|0x00000000c6300000, 0x00000000c6300000, 0x00000000c6400000|  0%| F|  |TAMS 0x00000000c6300000, 0x00000000c6300000| Untracked 
|  50|0x00000000c6400000, 0x00000000c6400000, 0x00000000c6500000|  0%| F|  |TAMS 0x00000000c6400000, 0x00000000c6400000| Untracked 
|  51|0x00000000c6500000, 0x00000000c6500000, 0x00000000c6600000|  0%| F|  |TAMS 0x00000000c6500000, 0x00000000c6500000| Untracked 
|  52|0x00000000c6600000, 0x00000000c6600000, 0x00000000c6700000|  0%| F|  |TAMS 0x00000000c6600000, 0x00000000c6600000| Untracked 
|  53|0x00000000c6700000, 0x00000000c6700000, 0x00000000c6800000|  0%| F|  |TAMS 0x00000000c6700000, 0x00000000c6700000| Untracked 
|  54|0x00000000c6800000, 0x00000000c6800000, 0x00000000c6900000|  0%| F|  |TAMS 0x00000000c6800000, 0x00000000c6800000| Untracked 
|  55|0x00000000c6900000, 0x00000000c6951670, 0x00000000c6a00000| 31%| E|  |TAMS 0x00000000c6900000, 0x00000000c6900000| Complete 
|  56|0x00000000c6a00000, 0x00000000c6aec400, 0x00000000c6b00000| 92%| E|  |TAMS 0x00000000c6a00000, 0x00000000c6a00000| Complete 
|  57|0x00000000c6b00000, 0x00000000c6c00000, 0x00000000c6c00000|100%| E|CS|TAMS 0x00000000c6b00000, 0x00000000c6b00000| Complete 
|  58|0x00000000c6c00000, 0x00000000c6d00000, 0x00000000c6d00000|100%| E|CS|TAMS 0x00000000c6c00000, 0x00000000c6c00000| Complete 
|  59|0x00000000c6d00000, 0x00000000c6e00000, 0x00000000c6e00000|100%| E|CS|TAMS 0x00000000c6d00000, 0x00000000c6d00000| Complete 
|  60|0x00000000c6e00000, 0x00000000c6f00000, 0x00000000c6f00000|100%| E|CS|TAMS 0x00000000c6e00000, 0x00000000c6e00000| Complete 
|  61|0x00000000c6f00000, 0x00000000c7000000, 0x00000000c7000000|100%| E|CS|TAMS 0x00000000c6f00000, 0x00000000c6f00000| Complete 

Card table byte_map: [0x000001b725920000,0x000001b725b10000] _byte_map_base: 0x000001b725307000

Marking Bits (Prev, Next): (CMBitMap*) 0x000001b70eeedaf0, (CMBitMap*) 0x000001b70eeedb30
 Prev Bits: [0x000001b725d00000, 0x000001b726c38000)
 Next Bits: [0x000001b726c40000, 0x000001b727b78000)

Polling page: 0x000001b70cc90000

Metaspace:

Usage:
  Non-class:      1.22 MB used.
      Class:    123.39 KB used.
       Both:      1.34 MB used.

Virtual space:
  Non-class space:       64.00 MB reserved,       1.31 MB (  2%) committed,  1 nodes.
      Class space:        1.00 GB reserved,     192.00 KB ( <1%) committed,  1 nodes.
             Both:        1.06 GB reserved,       1.50 MB ( <1%) committed. 

Chunk freelists:
   Non-Class:  11.80 MB
       Class:  15.70 MB
        Both:  27.50 MB

MaxMetaspaceSize: unlimited
CompressedClassSpaceSize: 1.00 GB
Initial GC threshold: 21.00 MB
Current GC threshold: 21.00 MB
CDS: on
MetaspaceReclaimPolicy: balanced
 - commit_granule_bytes: 65536.
 - commit_granule_words: 8192.
 - virtual_space_node_default_size: 8388608.
 - enlarge_chunks_in_place: 1.
 - new_chunks_are_fully_committed: 0.
 - uncommit_free_chunks: 1.
 - use_allocation_guard: 0.
 - handle_deallocations: 1.


Internal statistics:

num_allocs_failed_limit: 0.
num_arena_births: 10.
num_arena_deaths: 0.
num_vsnodes_births: 2.
num_vsnodes_deaths: 0.
num_space_committed: 24.
num_space_uncommitted: 0.
num_chunks_returned_to_freelist: 0.
num_chunks_taken_from_freelist: 26.
num_chunk_merges: 0.
num_chunk_splits: 16.
num_chunks_enlarged: 12.
num_inconsistent_stats: 0.

CodeHeap 'non-profiled nmethods': size=120000Kb used=136Kb max_used=136Kb free=119863Kb
 bounds [0x000001b71e200000, 0x000001b71e470000, 0x000001b725730000]
CodeHeap 'profiled nmethods': size=120000Kb used=677Kb max_used=677Kb free=119322Kb
 bounds [0x000001b716730000, 0x000001b7169a0000, 0x000001b71dc60000]
CodeHeap 'non-nmethods': size=5760Kb used=1132Kb max_used=1147Kb free=4627Kb
 bounds [0x000001b71dc60000, 0x000001b71ded0000, 0x000001b71e200000]
 total_blobs=831 nmethods=430 adapters=314
 compilation: enabled
              stopped_count=0, restarted_count=0
 full_count=0

Compilation events (20 events):
Event: 1.228 Thread 0x000001b76b15efe0 nmethod 415 0x000001b71e221810 code [0x000001b71e2219a0, 0x000001b71e221a78]
Event: 1.239 Thread 0x000001b76b15efe0  416       3       java.util.zip.ZipUtils::get16 (21 bytes)
Event: 1.240 Thread 0x000001b76b15efe0 nmethod 416 0x000001b7167cdf90 code [0x000001b7167ce120, 0x000001b7167ce278]
Event: 1.240 Thread 0x000001b76b15efe0  417       3       java.util.zip.ZipFile$Source::checkExtraFields (161 bytes)
Event: 1.240 Thread 0x000001b76b159a20  418       4       java.util.zip.ZipUtils::get16 (21 bytes)
Event: 1.241 Thread 0x000001b76b159a20 nmethod 418 0x000001b71e221b10 code [0x000001b71e221c80, 0x000001b71e221d38]
Event: 1.241 Thread 0x000001b76b159a20  419   !   4       java.util.zip.ZipFile$Source::checkAndAddEntry (262 bytes)
Event: 1.241 Thread 0x000001b76b15efe0 nmethod 417 0x000001b7167ce390 code [0x000001b7167ce6c0, 0x000001b7167cfca8]
Event: 1.243 Thread 0x000001b76b15efe0  421       3       java.util.jar.Manifest$FastInputStream::readLine (9 bytes)
Event: 1.243 Thread 0x000001b76b15efe0 nmethod 421 0x000001b7167d0690 code [0x000001b7167d0840, 0x000001b7167d09a8]
Event: 1.244 Thread 0x000001b76b15efe0  422       3       java.util.jar.Manifest$FastInputStream::peek (38 bytes)
Event: 1.244 Thread 0x000001b76b15efe0 nmethod 422 0x000001b7167d0a90 code [0x000001b7167d0c40, 0x000001b7167d0e68]
Event: 1.245 Thread 0x000001b76b15efe0  423       3       java.util.Objects::checkFromIndexSize (8 bytes)
Event: 1.245 Thread 0x000001b76b15efe0 nmethod 423 0x000001b7167d0f90 code [0x000001b7167d1140, 0x000001b7167d1368]
Event: 1.245 Thread 0x000001b76b15efe0  424       3       jdk.internal.util.Preconditions::checkFromIndexSize (25 bytes)
Event: 1.245 Thread 0x000001b76b15efe0 nmethod 424 0x000001b7167d1490 code [0x000001b7167d1640, 0x000001b7167d1808]
Event: 1.245 Thread 0x000001b76b15efe0  425  s    3       java.io.ByteArrayOutputStream::write (43 bytes)
Event: 1.246 Thread 0x000001b76b15efe0 nmethod 425 0x000001b7167d1910 code [0x000001b7167d1ae0, 0x000001b7167d1f88]
Event: 1.247 Thread 0x000001b76b15efe0  426   !   3       java.lang.String::<init> (845 bytes)
Event: 1.250 Thread 0x000001b76b15efe0 nmethod 426 0x000001b7167d2190 code [0x000001b7167d26c0, 0x000001b7167d5838]

GC Heap History (0 events):
No events

Deoptimization events (20 events):
Event: 1.085 Thread 0x000001b70eeb2860 DEOPT PACKING pc=0x000001b71e2150b8 sp=0x000000acf83fcef0
Event: 1.085 Thread 0x000001b70eeb2860 DEOPT UNPACKING pc=0x000001b71dcb5ba3 sp=0x000000acf83fcdd0 mode 2
Event: 1.085 Thread 0x000001b70eeb2860 Uncommon trap: trap_request=0xffffff45 fr.pc=0x000001b71e20b12c relative=0x00000000000001ac
Event: 1.085 Thread 0x000001b70eeb2860 Uncommon trap: reason=unstable_if action=reinterpret pc=0x000001b71e20b12c method=java.lang.String.isLatin1()Z @ 10 c2
Event: 1.085 Thread 0x000001b70eeb2860 DEOPT PACKING pc=0x000001b71e20b12c sp=0x000000acf83fcd00
Event: 1.085 Thread 0x000001b70eeb2860 DEOPT UNPACKING pc=0x000001b71dcb5ba3 sp=0x000000acf83fcc30 mode 2
Event: 1.085 Thread 0x000001b70eeb2860 Uncommon trap: trap_request=0xffffff45 fr.pc=0x000001b71e213214 relative=0x00000000000001f4
Event: 1.085 Thread 0x000001b70eeb2860 Uncommon trap: reason=unstable_if action=reinterpret pc=0x000001b71e213214 method=java.util.zip.ZipCoder$UTF8ZipCoder.checkedHash([BII)I @ 27 c2
Event: 1.085 Thread 0x000001b70eeb2860 DEOPT PACKING pc=0x000001b71e213214 sp=0x000000acf83fce40
Event: 1.085 Thread 0x000001b70eeb2860 DEOPT UNPACKING pc=0x000001b71dcb5ba3 sp=0x000000acf83fcdd8 mode 2
Event: 1.089 Thread 0x000001b70eeb2860 DEOPT PACKING pc=0x000001b7167bf97c sp=0x000000acf83fcdc0
Event: 1.089 Thread 0x000001b70eeb2860 DEOPT UNPACKING pc=0x000001b71dcb66e3 sp=0x000000acf83fc250 mode 0
Event: 1.090 Thread 0x000001b70eeb2860 DEOPT PACKING pc=0x000001b7167bf97c sp=0x000000acf83fcdc0
Event: 1.090 Thread 0x000001b70eeb2860 DEOPT UNPACKING pc=0x000001b71dcb66e3 sp=0x000000acf83fc250 mode 0
Event: 1.093 Thread 0x000001b70eeb2860 DEOPT PACKING pc=0x000001b7167bf97c sp=0x000000acf83fcdc0
Event: 1.093 Thread 0x000001b70eeb2860 DEOPT UNPACKING pc=0x000001b71dcb66e3 sp=0x000000acf83fc250 mode 0
Event: 1.097 Thread 0x000001b70eeb2860 DEOPT PACKING pc=0x000001b7167bf97c sp=0x000000acf83fcdc0
Event: 1.097 Thread 0x000001b70eeb2860 DEOPT UNPACKING pc=0x000001b71dcb66e3 sp=0x000000acf83fc250 mode 0
Event: 1.141 Thread 0x000001b70eeb2860 DEOPT PACKING pc=0x000001b71673f4e5 sp=0x000000acf83fd330
Event: 1.141 Thread 0x000001b70eeb2860 DEOPT UNPACKING pc=0x000001b71dcb66e3 sp=0x000000acf83fc780 mode 0

Classes unloaded (0 events):
No events

Classes redefined (0 events):
No events

Internal exceptions (3 events):
Event: 0.519 Thread 0x000001b76b3df570 Exception <a 'java/lang/NoSuchMethodError'{0x00000000c6d47818}: 'java.lang.Object java.lang.invoke.DirectMethodHandle$Holder.invokeStaticInit(java.lang.Object)'> (0x00000000c6d47818) 
thrown [s\open\src\hotspot\share\interpreter\linkResolver.cpp, line 759]
Event: 0.569 Thread 0x000001b76b3df570 Exception <a 'java/lang/NoSuchMethodError'{0x00000000c6d55558}: 'void java.lang.invoke.DirectMethodHandle$Holder.invokeStatic(java.lang.Object, java.lang.Object)'> (0x00000000c6d55558) 
thrown [s\open\src\hotspot\share\interpreter\linkResolver.cpp, line 759]
Event: 0.936 Thread 0x000001b70eeb2860 Exception <a 'java/io/FileNotFoundException'{0x00000000c6c9d420}> (0x00000000c6c9d420) 
thrown [s\open\src\hotspot\share\prims\jni.cpp, line 516]

VM Operations (4 events):
Event: 0.396 Executing VM operation: HandshakeAllThreads
Event: 0.396 Executing VM operation: HandshakeAllThreads done
Event: 0.518 Executing VM operation: HandshakeAllThreads
Event: 0.518 Executing VM operation: HandshakeAllThreads done

Events (20 events):
Event: 0.992 loading class java/lang/WeakPairMap$WeakRefPeer done
Event: 0.992 loading class java/lang/WeakPairMap$Pair$Weak done
Event: 0.992 loading class java/lang/WeakPairMap$Pair$Weak$1
Event: 0.992 loading class java/lang/WeakPairMap$Pair$Weak$1 done
Event: 1.000 loading class java/lang/reflect/ProxyGenerator
Event: 1.006 loading class java/lang/reflect/ProxyGenerator done
Event: 1.006 loading class java/lang/reflect/ProxyGenerator$ProxyMethod
Event: 1.011 loading class java/lang/reflect/ProxyGenerator$ProxyMethod done
Event: 1.011 loading class java/lang/InterruptedException
Event: 1.012 loading class java/lang/InterruptedException done
Event: 1.017 loading class java/lang/reflect/ProxyGenerator$PrimitiveTypeInfo
Event: 1.017 loading class java/lang/reflect/ProxyGenerator$PrimitiveTypeInfo done
Event: 1.017 loading class jdk/internal/org/objectweb/asm/Edge
Event: 1.017 loading class jdk/internal/org/objectweb/asm/Edge done
Event: 1.019 loading class java/lang/reflect/Proxy$ProxyBuilder$1
Event: 1.019 loading class java/lang/reflect/Proxy$ProxyBuilder$1 done
Event: 1.019 loading class java/lang/annotation/Target
Event: 1.019 loading class java/lang/annotation/Target done
Event: 1.059 loading class java/lang/reflect/UndeclaredThrowableException
Event: 1.060 loading class java/lang/reflect/UndeclaredThrowableException done


Dynamic libraries:
0x00007ff6c5180000 - 0x00007ff6c5190000 	C:\Program Files\Java\jdk-17\bin\java.exe
0x00007ff81a790000 - 0x00007ff81a9a7000 	C:\WINDOWS\SYSTEM32\ntdll.dll
0x00007ff819760000 - 0x00007ff819824000 	C:\WINDOWS\System32\KERNEL32.DLL
0x00007ff818110000 - 0x00007ff8184b7000 	C:\WINDOWS\System32\KERNELBASE.dll
0x00007ff817e20000 - 0x00007ff817f31000 	C:\WINDOWS\System32\ucrtbase.dll
0x00007ff812690000 - 0x00007ff8126ab000 	C:\Program Files\Java\jdk-17\bin\VCRUNTIME140.dll
0x00007ff80c360000 - 0x00007ff80c379000 	C:\Program Files\Java\jdk-17\bin\jli.dll
0x00007ff8184c0000 - 0x00007ff818572000 	C:\WINDOWS\System32\ADVAPI32.dll
0x00007ff8185b0000 - 0x00007ff818657000 	C:\WINDOWS\System32\msvcrt.dll
0x00007ff819ad0000 - 0x00007ff819b78000 	C:\WINDOWS\System32\sechost.dll
0x00007ff817f40000 - 0x00007ff817f68000 	C:\WINDOWS\System32\bcrypt.dll
0x00007ff818fa0000 - 0x00007ff8190b5000 	C:\WINDOWS\System32\RPCRT4.dll
0x00007ff81a540000 - 0x00007ff81a6ee000 	C:\WINDOWS\System32\USER32.dll
0x00007ff817f70000 - 0x00007ff817f96000 	C:\WINDOWS\System32\win32u.dll
0x00007ff819270000 - 0x00007ff819299000 	C:\WINDOWS\System32\GDI32.dll
0x00007ff817c10000 - 0x00007ff817d29000 	C:\WINDOWS\System32\gdi32full.dll
0x00007ff817ab0000 - 0x00007ff817b4a000 	C:\WINDOWS\System32\msvcp_win.dll
0x00007ff80ca20000 - 0x00007ff80ca2a000 	C:\WINDOWS\SYSTEM32\VERSION.dll
0x00007ff803120000 - 0x00007ff8033b3000 	C:\WINDOWS\WinSxS\amd64_microsoft.windows.common-controls_6595b64144ccf1df_6.0.22621.3527_none_270e469b73872a76\COMCTL32.dll
0x00007ff8199b0000 - 0x00007ff8199e1000 	C:\WINDOWS\System32\IMM32.DLL
0x00007ff8125a0000 - 0x00007ff8125ac000 	C:\Program Files\Java\jdk-17\bin\vcruntime140_1.dll
0x00007ff809d80000 - 0x00007ff809e0e000 	C:\Program Files\Java\jdk-17\bin\msvcp140.dll
0x00007fffa1920000 - 0x00007fffa24ff000 	C:\Program Files\Java\jdk-17\bin\server\jvm.dll
0x00007ff818580000 - 0x00007ff818588000 	C:\WINDOWS\System32\PSAPI.DLL
0x00007ff80d020000 - 0x00007ff80d054000 	C:\WINDOWS\SYSTEM32\WINMM.dll
0x00007ff80abc0000 - 0x00007ff80abc9000 	C:\WINDOWS\SYSTEM32\WSOCK32.dll
0x00007ff8196e0000 - 0x00007ff819751000 	C:\WINDOWS\System32\WS2_32.dll
0x00007ff816ad0000 - 0x00007ff816ae8000 	C:\WINDOWS\SYSTEM32\kernel.appcore.dll
0x00007ff80c310000 - 0x00007ff80c31a000 	C:\Program Files\Java\jdk-17\bin\jimage.dll
0x00007ff815350000 - 0x00007ff815582000 	C:\WINDOWS\SYSTEM32\DBGHELP.DLL
0x00007ff819350000 - 0x00007ff8196d8000 	C:\WINDOWS\System32\combase.dll
0x00007ff8199f0000 - 0x00007ff819ac7000 	C:\WINDOWS\System32\OLEAUT32.dll
0x00007ffff3980000 - 0x00007ffff39b2000 	C:\WINDOWS\SYSTEM32\dbgcore.DLL
0x00007ff817d30000 - 0x00007ff817da9000 	C:\WINDOWS\System32\bcryptPrimitives.dll
0x00007ff80c000000 - 0x00007ff80c00e000 	C:\Program Files\Java\jdk-17\bin\instrument.dll
0x00007ff80c280000 - 0x00007ff80c2a5000 	C:\Program Files\Java\jdk-17\bin\java.dll
0x00007ff809a30000 - 0x00007ff809b07000 	C:\Program Files\Java\jdk-17\bin\jsvml.dll
0x00007ff819ce0000 - 0x00007ff81a53c000 	C:\WINDOWS\System32\SHELL32.dll
0x00007ff8159f0000 - 0x00007ff8162e6000 	C:\WINDOWS\SYSTEM32\windows.storage.dll
0x00007ff8158b0000 - 0x00007ff8159ee000 	C:\WINDOWS\SYSTEM32\wintypes.dll
0x00007ff818cd0000 - 0x00007ff818dc5000 	C:\WINDOWS\System32\SHCORE.dll
0x00007ff819b80000 - 0x00007ff819bde000 	C:\WINDOWS\System32\shlwapi.dll
0x00007ff8179e0000 - 0x00007ff817a01000 	C:\WINDOWS\SYSTEM32\profapi.dll
0x00007ff80c1d0000 - 0x00007ff80c1e8000 	C:\Program Files\Java\jdk-17\bin\zip.dll
0x00007ff80c260000 - 0x00007ff80c279000 	C:\Program Files\Java\jdk-17\bin\net.dll
0x00007ff80f6a0000 - 0x00007ff80f7d6000 	C:\WINDOWS\SYSTEM32\WINHTTP.dll
0x00007ff816f40000 - 0x00007ff816fa9000 	C:\WINDOWS\system32\mswsock.dll
0x00007ff80c1f0000 - 0x00007ff80c206000 	C:\Program Files\Java\jdk-17\bin\nio.dll
0x00007ff80bfe0000 - 0x00007ff80bffa000 	C:\Users\shelena suarez\Downloads\ideaIC-2024.1.1.win\bin\breakgen64.dll
0x00007ff80bf10000 - 0x00007ff80bf20000 	C:\Program Files\Java\jdk-17\bin\verify.dll

dbghelp: loaded successfully - version: 4.0.5 - missing functions: none
symbol engine: initialized successfully - sym options: 0x614 - pdb path: .;C:\Program Files\Java\jdk-17\bin;C:\WINDOWS\SYSTEM32;C:\WINDOWS\WinSxS\amd64_microsoft.windows.common-controls_6595b64144ccf1df_6.0.22621.3527_none_270e469b73872a76;C:\Program Files\Java\jdk-17\bin\server;C:\Users\shelena suarez\Downloads\ideaIC-2024.1.1.win\bin

VM Arguments:
jvm_args: -ea -Didea.test.cyclic.buffer.size=1048576 -javaagent:C:\Users\shelena suarez\Downloads\ideaIC-2024.1.1.win\lib\idea_rt.jar=65488:C:\Users\shelena suarez\Downloads\ideaIC-2024.1.1.win\bin -Dfile.encoding=UTF-8 
java_command: com.intellij.rt.junit.JUnitStarter -ideVersion5 -junit4 co.com.sofkau.runners.GeneralTest
java_class_path (initial): C:\Users\shelena suarez\Downloads\ideaIC-2024.1.1.win\lib\idea_rt.jar;C:\Users\shelena suarez\Downloads\ideaIC-2024.1.1.win\plugins\junit\lib\junit5-rt.jar;C:\Users\shelena suarez\Downloads\ideaIC-2024.1.1.win\plugins\junit\lib\junit-rt.jar;C:\Users\shelena suarez\Desktop\jenkins\jenkins-taller\jenkinsTaller\out\test\classes;C:\Users\shelena suarez\Desktop\jenkins\jenkins-taller\jenkinsTaller\out\test\resources;C:\Users\shelena suarez\Desktop\jenkins\jenkins-taller\jenkinsTaller\out\production\classes;C:\Users\shelena suarez\.gradle\caches\modules-2\files-2.1\org.json\json\20231013\e22e0c040fe16f04ffdb85d851d77b07fc05ea52\json-20231013.jar;C:\Users\shelena suarez\.gradle\caches\modules-2\files-2.1\net.serenity-bdd\serenity-cucumber\4.0.46\d3b22d0b83e4830588b6cc29ef3585b6738e798c\serenity-cucumber-4.0.46.jar;C:\Users\shelena suarez\.gradle\caches\modules-2\files-2.1\net.serenity-bdd\serenity-junit\4.0.46\644a95271c819d02c542fa7a1c8c8089abcf206\serenity-junit-4.0.46.jar;C:\Users\shelena suarez\.gradle\caches\modules-2\files-2.1\net.serenity-bdd\serenity-screenplay-rest\4.0.46\7ce3c60384e88d75d7a9ae76f48a825b58b861b0\serenity-screenplay-rest-4.0.46.jar;C:\Users\shelena suarez\.gradle\caches\modules-2\files-2.1\net.serenity-bdd\serenity-ensure\3.9.7\458a9b00497068db2cc7379c7e6c7cf1bcfb99f3\serenity-ensure-3.9.7.jar;C:\Users\shelena suarez\.gradle\caches\modules-2\files-2.1\net.serenity-bdd\serenity-screenplay-webdriver\4.0.46\302420b83c4de0e41fa734a55b5e85da6c8e22c2\serenity-screenplay-webdriver-4.0.46.jar;C:\Users\shelena suarez\.gradle\caches\modules-2\files-2.1\net.serenity-bdd\serenity-screenplay\4.0.46\44097d0bee638ce1a628460e94c348680f918a21\serenity-screenplay-4.0.46.jar;C:\Users\shelena suarez\.gradle\caches\modules-2\files-2.1\net.serenity-bdd\serenity-core\4.0.46\1820a63139a288b8aedc8a510bc6d8ea9801acc6\serenity-core-4.0.46.jar;C:\Users\shelena suarez\.gradle\caches\modules-2\files-2.1\org.projectlombok\lombok\1.18.22\9c08ea24c6eb7
Launcher Type: SUN_STANDARD

[Global flags]
     intx CICompilerCount                          = 3                                         {product} {ergonomic}
     uint ConcGCThreads                            = 1                                         {product} {ergonomic}
     uint G1ConcRefinementThreads                  = 4                                         {product} {ergonomic}
   size_t G1HeapRegionSize                         = 1048576                                   {product} {ergonomic}
    uintx GCDrainStackTargetSize                   = 64                                        {product} {ergonomic}
   size_t InitialHeapSize                          = 65011712                                  {product} {ergonomic}
   size_t MarkStackSize                            = 4194304                                   {product} {ergonomic}
   size_t MaxHeapSize                              = 1021313024                                {product} {ergonomic}
   size_t MaxNewSize                               = 612368384                                 {product} {ergonomic}
   size_t MinHeapDeltaBytes                        = 1048576                                   {product} {ergonomic}
   size_t MinHeapSize                              = 8388608                                   {product} {ergonomic}
    uintx NonNMethodCodeHeapSize                   = 5832780                                {pd product} {ergonomic}
    uintx NonProfiledCodeHeapSize                  = 122912730                              {pd product} {ergonomic}
    uintx ProfiledCodeHeapSize                     = 122912730                              {pd product} {ergonomic}
    uintx ReservedCodeCacheSize                    = 251658240                              {pd product} {ergonomic}
     bool SegmentedCodeCache                       = true                                      {product} {ergonomic}
   size_t SoftMaxHeapSize                          = 1021313024                             {manageable} {ergonomic}
     bool UseCompressedClassPointers               = true                           {product lp64_product} {ergonomic}
     bool UseCompressedOops                        = true                           {product lp64_product} {ergonomic}
     bool UseG1GC                                  = true                                      {product} {ergonomic}
     bool UseLargePagesIndividualAllocation        = false                                  {pd product} {ergonomic}

Logging:
Log output configuration:
 #0: stdout all=warning uptime,level,tags
 #1: stderr all=off uptime,level,tags

Environment Variables:
JAVA_HOME=C:\Program Files\Java\java-11\jdk\jdk-11.0.22
PATH=C:\Program Files\Java\java-11\jdk\jdk-11.0.22\bin;C:\WINDOWS\system32;C:\WINDOWS;C:\WINDOWS\System32\Wbem;C:\WINDOWS\System32\WindowsPowerShell\v1.0\;C:\WINDOWS\System32\OpenSSH\;C:\Program Files\Git\cmd;C:\Program Files\nodejs\;C:\Users\shelena suarez\Desktop\Sonar\sonar-scanner-cli-5.0.1.3006-windows\sonar-scanner-5.0.1.3006-windows\bin;C:\Gradle\gradle-8.7\bin;C:\maven\apache-maven-3.9.6-src\apache-maven-3.9.6\apache-maven\src\bin;C:\Users\shelena suarez\AppData\Local\Microsoft\WindowsApps;C:\Users\shelena suarez\AppData\Local\Programs\Microsoft VS Code\bin;C:\Program Files\JetBrains\IntelliJ IDEA Community Edition 2022.2.3\bin;;C:\Users\shelena suarez\AppData\Roaming\npm;C:\Users\shelena suarez\Documents\JAVAjdk\jdk\Java\jdk-17;C:\Users\shelena suarez\Desktop\Sonar\sonar-scanner-cli-5.0.1.3006-windows\sonar-scanner-5.0.1.3006-windows\bin;
USERNAME=shelena suarez
OS=Windows_NT
PROCESSOR_IDENTIFIER=Intel64 Family 6 Model 140 Stepping 1, GenuineIntel



---------------  S Y S T E M  ---------------

OS:
 Windows 11 , 64 bit Build 22621 (10.0.22621.3527)
OS uptime: 1 days 22:28 hours

CPU: total 4 (initial active 4) (2 cores per cpu, 2 threads per core) family 6 model 140 stepping 1 microcode 0x66, cx8, cmov, fxsr, ht, mmx, 3dnowpref, sse, sse2, sse3, ssse3, sse4.1, sse4.2, popcnt, lzcnt, tsc, tscinvbit, avx, avx2, aes, erms, clmul, bmi1, bmi2, adx, avx512f, avx512dq, avx512cd, avx512bw, avx512vl, sha, fma, vzeroupper, avx512_vpopcntdq, avx512_vpclmulqdq, avx512_vaes, avx512_vnni, clflush, clflushopt, clwb, avx512_vbmi2, avx512_vbmi

Memory: 4k page, system-wide physical 3895M (207M free)
TotalPageFile size 15671M (AvailPageFile size 3M)
current process WorkingSet (physical memory assigned to process): 45M, peak: 45M
current process commit charge ("private bytes"): 138M, peak: 139M

vm_info: Java HotSpot(TM) 64-Bit Server VM (17.0.10+11-LTS-240) for windows-amd64 JRE (17.0.10+11-LTS-240), built on Dec 19 2023 21:47:25 by "mach5one" with MS VC++ 17.1 (VS2022)

END.
